<?xml version="1.0" encoding="UTF-8"?>
<!-- Generated by org.testng.reporters.JUnitReportReporter -->
<testsuite hostname="BDC7-L-G01FPWG" failures="0" tests="10" name="tests.tests" time="51.870" errors="0" timestamp="25 Jun 2020 16:08:55 GMT" skipped="0">
  <testcase classname="tests.tests" name="verifylogin" time="4.637"/>
  <testcase classname="tests.tests" name="verifyWelcomeMessage" time="0.084"/>
  <testcase classname="tests.tests" name="verifyAccountTiles" time="0.113"/>
  <testcase classname="tests.tests" name="verifyAddingProductIntoCart" time="4.922"/>
  <testcase classname="tests.tests" name="verifyRemoveProduct" time="1.468"/>
  <testcase classname="tests.tests" name="verifyContactUs" time="4.907"/>
  <testcase classname="tests.tests" name="goToHome" time="4.450"/>
  <testcase classname="tests.tests" name="addItemfromHome" time="24.167"/>
  <testcase classname="tests.tests" name="verifyTilesInSummary" time="5.130"/>
  <testcase classname="tests.tests" name="signOut" time="1.992"/>
</testsuite> <!-- tests.tests -->
